{"/Users/Filip/Dropbox/Schule/5BHIT/SYT_Praxis_5BHIT/BORM/borm-aufgabe/server.js": {"path":"/Users/Filip/Dropbox/Schule/5BHIT/SYT_Praxis_5BHIT/BORM/borm-aufgabe/server.js","statementMap":{"0":{"start":{"line":3,"column":15},"end":{"line":3,"column":33}},"1":{"start":{"line":4,"column":15},"end":{"line":4,"column":24}},"2":{"start":{"line":5,"column":15},"end":{"line":5,"column":39}},"3":{"start":{"line":6,"column":15},"end":{"line":6,"column":34}},"4":{"start":{"line":7,"column":15},"end":{"line":7,"column":34}},"5":{"start":{"line":8,"column":15},"end":{"line":8,"column":39}},"6":{"start":{"line":10,"column":19},"end":{"line":10,"column":36}},"7":{"start":{"line":11,"column":19},"end":{"line":11,"column":43}},"8":{"start":{"line":12,"column":19},"end":{"line":12,"column":41}},"9":{"start":{"line":13,"column":19},"end":{"line":13,"column":45}},"10":{"start":{"line":15,"column":15},"end":{"line":15,"column":47}},"11":{"start":{"line":18,"column":0},"end":{"line":18,"column":55}},"12":{"start":{"line":20,"column":0},"end":{"line":20,"column":40}},"13":{"start":{"line":23,"column":0},"end":{"line":23,"column":23}},"14":{"start":{"line":24,"column":0},"end":{"line":24,"column":24}},"15":{"start":{"line":25,"column":0},"end":{"line":25,"column":49}},"16":{"start":{"line":27,"column":0},"end":{"line":27,"column":30}},"17":{"start":{"line":30,"column":0},"end":{"line":33,"column":32}},"18":{"start":{"line":34,"column":0},"end":{"line":34,"column":31}},"19":{"start":{"line":35,"column":0},"end":{"line":35,"column":28}},"20":{"start":{"line":36,"column":0},"end":{"line":36,"column":17}},"21":{"start":{"line":39,"column":0},"end":{"line":39,"column":42}},"22":{"start":{"line":42,"column":13},"end":{"line":44,"column":2}},"23":{"start":{"line":43,"column":2},"end":{"line":43,"column":41}},"24":{"start":{"line":46,"column":0},"end":{"line":48,"column":1}},"25":{"start":{"line":47,"column":2},"end":{"line":47,"column":17}}},"fnMap":{"0":{"name":"(anonymous_0)","decl":{"start":{"line":42,"column":30},"end":{"line":42,"column":31}},"loc":{"start":{"line":42,"column":41},"end":{"line":44,"column":1}},"line":42},"1":{"name":"(anonymous_1)","decl":{"start":{"line":46,"column":29},"end":{"line":46,"column":30}},"loc":{"start":{"line":46,"column":40},"end":{"line":48,"column":1}},"line":46}},"branchMap":{"0":{"loc":{"start":{"line":5,"column":15},"end":{"line":5,"column":39}},"type":"binary-expr","locations":[{"start":{"line":5,"column":15},"end":{"line":5,"column":31}},{"start":{"line":5,"column":35},"end":{"line":5,"column":39}}],"line":5}},"s":{"0":1,"1":1,"2":1,"3":1,"4":1,"5":1,"6":1,"7":1,"8":1,"9":1,"10":1,"11":1,"12":1,"13":1,"14":1,"15":1,"16":1,"17":1,"18":1,"19":1,"20":1,"21":1,"22":1,"23":1,"24":1,"25":0},"f":{"0":1,"1":0},"b":{"0":[1,1]},"_coverageSchema":"332fd63041d2c1bcb487cc26dd0d5f7d97098a6c","hash":"096d04ad119aed6d3e0e4bbdb2917ddfcac5ceb4"}
,"/Users/Filip/Dropbox/Schule/5BHIT/SYT_Praxis_5BHIT/BORM/borm-aufgabe/app/routes.js": {"path":"/Users/Filip/Dropbox/Schule/5BHIT/SYT_Praxis_5BHIT/BORM/borm-aufgabe/app/routes.js","statementMap":{"0":{"start":{"line":3,"column":0},"end":{"line":42,"column":2}},"1":{"start":{"line":5,"column":4},"end":{"line":7,"column":6}},"2":{"start":{"line":6,"column":6},"end":{"line":6,"column":30}},"3":{"start":{"line":10,"column":4},"end":{"line":12,"column":6}},"4":{"start":{"line":11,"column":6},"end":{"line":11,"column":70}},"5":{"start":{"line":14,"column":4},"end":{"line":18,"column":7}},"6":{"start":{"line":21,"column":4},"end":{"line":23,"column":6}},"7":{"start":{"line":22,"column":6},"end":{"line":22,"column":72}},"8":{"start":{"line":25,"column":4},"end":{"line":29,"column":7}},"9":{"start":{"line":32,"column":4},"end":{"line":36,"column":6}},"10":{"start":{"line":33,"column":6},"end":{"line":35,"column":11}},"11":{"start":{"line":38,"column":4},"end":{"line":41,"column":7}},"12":{"start":{"line":39,"column":8},"end":{"line":39,"column":21}},"13":{"start":{"line":40,"column":8},"end":{"line":40,"column":26}},"14":{"start":{"line":46,"column":4},"end":{"line":47,"column":22}},"15":{"start":{"line":47,"column":8},"end":{"line":47,"column":22}},"16":{"start":{"line":49,"column":4},"end":{"line":49,"column":22}}},"fnMap":{"0":{"name":"(anonymous_0)","decl":{"start":{"line":3,"column":17},"end":{"line":3,"column":18}},"loc":{"start":{"line":3,"column":36},"end":{"line":42,"column":1}},"line":3},"1":{"name":"(anonymous_1)","decl":{"start":{"line":5,"column":17},"end":{"line":5,"column":18}},"loc":{"start":{"line":5,"column":31},"end":{"line":7,"column":5}},"line":5},"2":{"name":"(anonymous_2)","decl":{"start":{"line":10,"column":22},"end":{"line":10,"column":23}},"loc":{"start":{"line":10,"column":36},"end":{"line":12,"column":5}},"line":10},"3":{"name":"(anonymous_3)","decl":{"start":{"line":21,"column":23},"end":{"line":21,"column":24}},"loc":{"start":{"line":21,"column":37},"end":{"line":23,"column":5}},"line":21},"4":{"name":"(anonymous_4)","decl":{"start":{"line":32,"column":36},"end":{"line":32,"column":37}},"loc":{"start":{"line":32,"column":50},"end":{"line":36,"column":5}},"line":32},"5":{"name":"(anonymous_5)","decl":{"start":{"line":38,"column":23},"end":{"line":38,"column":24}},"loc":{"start":{"line":38,"column":37},"end":{"line":41,"column":5}},"line":38},"6":{"name":"isLoggedIn","decl":{"start":{"line":44,"column":9},"end":{"line":44,"column":19}},"loc":{"start":{"line":44,"column":36},"end":{"line":50,"column":1}},"line":44}},"branchMap":{"0":{"loc":{"start":{"line":46,"column":4},"end":{"line":47,"column":22}},"type":"if","locations":[{"start":{"line":46,"column":4},"end":{"line":47,"column":22}},{"start":{"line":46,"column":4},"end":{"line":47,"column":22}}],"line":46}},"s":{"0":1,"1":1,"2":0,"3":1,"4":0,"5":1,"6":1,"7":0,"8":1,"9":1,"10":0,"11":1,"12":0,"13":0,"14":0,"15":0,"16":0},"f":{"0":1,"1":0,"2":0,"3":0,"4":0,"5":0,"6":0},"b":{"0":[0,0]},"_coverageSchema":"332fd63041d2c1bcb487cc26dd0d5f7d97098a6c","hash":"f5e82c70c208f3451bb4843cffd7b53ae06aca50"}
,"/Users/Filip/Dropbox/Schule/5BHIT/SYT_Praxis_5BHIT/BORM/borm-aufgabe/app/models/user.js": {"path":"/Users/Filip/Dropbox/Schule/5BHIT/SYT_Praxis_5BHIT/BORM/borm-aufgabe/app/models/user.js","statementMap":{"0":{"start":{"line":2,"column":15},"end":{"line":2,"column":34}},"1":{"start":{"line":3,"column":15},"end":{"line":3,"column":39}},"2":{"start":{"line":5,"column":17},"end":{"line":9,"column":2}},"3":{"start":{"line":11,"column":0},"end":{"line":13,"column":2}},"4":{"start":{"line":12,"column":4},"end":{"line":12,"column":66}},"5":{"start":{"line":15,"column":0},"end":{"line":17,"column":2}},"6":{"start":{"line":16,"column":4},"end":{"line":16,"column":55}},"7":{"start":{"line":19,"column":0},"end":{"line":19,"column":52}}},"fnMap":{"0":{"name":"(anonymous_0)","decl":{"start":{"line":11,"column":34},"end":{"line":11,"column":35}},"loc":{"start":{"line":11,"column":53},"end":{"line":13,"column":1}},"line":11},"1":{"name":"(anonymous_1)","decl":{"start":{"line":15,"column":35},"end":{"line":15,"column":36}},"loc":{"start":{"line":15,"column":54},"end":{"line":17,"column":1}},"line":15}},"branchMap":{},"s":{"0":1,"1":1,"2":1,"3":1,"4":0,"5":1,"6":0,"7":1},"f":{"0":0,"1":0},"b":{},"_coverageSchema":"332fd63041d2c1bcb487cc26dd0d5f7d97098a6c","hash":"ba06ea939c24b2983e9db6b142542ac6336a81e5"}
,"/Users/Filip/Dropbox/Schule/5BHIT/SYT_Praxis_5BHIT/BORM/borm-aufgabe/configs/database.js": {"path":"/Users/Filip/Dropbox/Schule/5BHIT/SYT_Praxis_5BHIT/BORM/borm-aufgabe/configs/database.js","statementMap":{"0":{"start":{"line":2,"column":0},"end":{"line":4,"column":2}}},"fnMap":{},"branchMap":{},"s":{"0":1},"f":{},"b":{},"_coverageSchema":"332fd63041d2c1bcb487cc26dd0d5f7d97098a6c","hash":"baccd57aff8120517791cf427c2c68678d8b7e45"}
,"/Users/Filip/Dropbox/Schule/5BHIT/SYT_Praxis_5BHIT/BORM/borm-aufgabe/configs/passport.js": {"path":"/Users/Filip/Dropbox/Schule/5BHIT/SYT_Praxis_5BHIT/BORM/borm-aufgabe/configs/passport.js","statementMap":{"0":{"start":{"line":3,"column":20},"end":{"line":3,"column":54}},"1":{"start":{"line":4,"column":11},"end":{"line":4,"column":40}},"2":{"start":{"line":6,"column":0},"end":{"line":85,"column":2}},"3":{"start":{"line":9,"column":2},"end":{"line":11,"column":5}},"4":{"start":{"line":10,"column":8},"end":{"line":10,"column":28}},"5":{"start":{"line":13,"column":2},"end":{"line":17,"column":5}},"6":{"start":{"line":14,"column":4},"end":{"line":16,"column":7}},"7":{"start":{"line":15,"column":6},"end":{"line":15,"column":22}},"8":{"start":{"line":19,"column":2},"end":{"line":57,"column":7}},"9":{"start":{"line":26,"column":5},"end":{"line":56,"column":5}},"10":{"start":{"line":27,"column":7},"end":{"line":27,"column":84}},"11":{"start":{"line":29,"column":5},"end":{"line":55,"column":9}},"12":{"start":{"line":30,"column":7},"end":{"line":54,"column":11}},"13":{"start":{"line":32,"column":9},"end":{"line":33,"column":29}},"14":{"start":{"line":33,"column":12},"end":{"line":33,"column":29}},"15":{"start":{"line":36,"column":9},"end":{"line":53,"column":10}},"16":{"start":{"line":37,"column":11},"end":{"line":37,"column":96}},"17":{"start":{"line":41,"column":25},"end":{"line":41,"column":35}},"18":{"start":{"line":44,"column":11},"end":{"line":44,"column":36}},"19":{"start":{"line":45,"column":11},"end":{"line":45,"column":46}},"20":{"start":{"line":46,"column":11},"end":{"line":46,"column":61}},"21":{"start":{"line":49,"column":11},"end":{"line":52,"column":13}},"22":{"start":{"line":50,"column":13},"end":{"line":50,"column":32}},"23":{"start":{"line":50,"column":22},"end":{"line":50,"column":32}},"24":{"start":{"line":51,"column":13},"end":{"line":51,"column":39}},"25":{"start":{"line":58,"column":4},"end":{"line":84,"column":8}},"26":{"start":{"line":68,"column":8},"end":{"line":83,"column":11}},"27":{"start":{"line":70,"column":12},"end":{"line":71,"column":33}},"28":{"start":{"line":71,"column":16},"end":{"line":71,"column":33}},"29":{"start":{"line":74,"column":12},"end":{"line":75,"column":86}},"30":{"start":{"line":75,"column":16},"end":{"line":75,"column":86}},"31":{"start":{"line":78,"column":12},"end":{"line":79,"column":93}},"32":{"start":{"line":79,"column":16},"end":{"line":79,"column":93}},"33":{"start":{"line":82,"column":12},"end":{"line":82,"column":36}}},"fnMap":{"0":{"name":"(anonymous_0)","decl":{"start":{"line":6,"column":17},"end":{"line":6,"column":18}},"loc":{"start":{"line":6,"column":31},"end":{"line":85,"column":1}},"line":6},"1":{"name":"(anonymous_1)","decl":{"start":{"line":9,"column":25},"end":{"line":9,"column":26}},"loc":{"start":{"line":9,"column":41},"end":{"line":11,"column":3}},"line":9},"2":{"name":"(anonymous_2)","decl":{"start":{"line":13,"column":27},"end":{"line":13,"column":28}},"loc":{"start":{"line":13,"column":41},"end":{"line":17,"column":3}},"line":13},"3":{"name":"(anonymous_3)","decl":{"start":{"line":14,"column":22},"end":{"line":14,"column":23}},"loc":{"start":{"line":14,"column":37},"end":{"line":16,"column":5}},"line":14},"4":{"name":"(anonymous_4)","decl":{"start":{"line":25,"column":3},"end":{"line":25,"column":4}},"loc":{"start":{"line":25,"column":35},"end":{"line":57,"column":5}},"line":25},"5":{"name":"(anonymous_5)","decl":{"start":{"line":29,"column":22},"end":{"line":29,"column":23}},"loc":{"start":{"line":29,"column":28},"end":{"line":55,"column":7}},"line":29},"6":{"name":"(anonymous_6)","decl":{"start":{"line":30,"column":40},"end":{"line":30,"column":41}},"loc":{"start":{"line":30,"column":55},"end":{"line":54,"column":9}},"line":30},"7":{"name":"(anonymous_7)","decl":{"start":{"line":49,"column":24},"end":{"line":49,"column":25}},"loc":{"start":{"line":49,"column":33},"end":{"line":52,"column":11}},"line":49},"8":{"name":"(anonymous_8)","decl":{"start":{"line":64,"column":4},"end":{"line":64,"column":5}},"loc":{"start":{"line":64,"column":36},"end":{"line":84,"column":5}},"line":64},"9":{"name":"(anonymous_9)","decl":{"start":{"line":68,"column":43},"end":{"line":68,"column":44}},"loc":{"start":{"line":68,"column":58},"end":{"line":83,"column":9}},"line":68}},"branchMap":{"0":{"loc":{"start":{"line":26,"column":5},"end":{"line":56,"column":5}},"type":"if","locations":[{"start":{"line":26,"column":5},"end":{"line":56,"column":5}},{"start":{"line":26,"column":5},"end":{"line":56,"column":5}}],"line":26},"1":{"loc":{"start":{"line":32,"column":9},"end":{"line":33,"column":29}},"type":"if","locations":[{"start":{"line":32,"column":9},"end":{"line":33,"column":29}},{"start":{"line":32,"column":9},"end":{"line":33,"column":29}}],"line":32},"2":{"loc":{"start":{"line":36,"column":9},"end":{"line":53,"column":10}},"type":"if","locations":[{"start":{"line":36,"column":9},"end":{"line":53,"column":10}},{"start":{"line":36,"column":9},"end":{"line":53,"column":10}}],"line":36},"3":{"loc":{"start":{"line":50,"column":13},"end":{"line":50,"column":32}},"type":"if","locations":[{"start":{"line":50,"column":13},"end":{"line":50,"column":32}},{"start":{"line":50,"column":13},"end":{"line":50,"column":32}}],"line":50},"4":{"loc":{"start":{"line":70,"column":12},"end":{"line":71,"column":33}},"type":"if","locations":[{"start":{"line":70,"column":12},"end":{"line":71,"column":33}},{"start":{"line":70,"column":12},"end":{"line":71,"column":33}}],"line":70},"5":{"loc":{"start":{"line":74,"column":12},"end":{"line":75,"column":86}},"type":"if","locations":[{"start":{"line":74,"column":12},"end":{"line":75,"column":86}},{"start":{"line":74,"column":12},"end":{"line":75,"column":86}}],"line":74},"6":{"loc":{"start":{"line":78,"column":12},"end":{"line":79,"column":93}},"type":"if","locations":[{"start":{"line":78,"column":12},"end":{"line":79,"column":93}},{"start":{"line":78,"column":12},"end":{"line":79,"column":93}}],"line":78}},"s":{"0":1,"1":1,"2":1,"3":1,"4":0,"5":1,"6":0,"7":0,"8":1,"9":0,"10":0,"11":0,"12":0,"13":0,"14":0,"15":0,"16":0,"17":0,"18":0,"19":0,"20":0,"21":0,"22":0,"23":0,"24":0,"25":1,"26":0,"27":0,"28":0,"29":0,"30":0,"31":0,"32":0,"33":0},"f":{"0":1,"1":0,"2":0,"3":0,"4":0,"5":0,"6":0,"7":0,"8":0,"9":0},"b":{"0":[0,0],"1":[0,0],"2":[0,0],"3":[0,0],"4":[0,0],"5":[0,0],"6":[0,0]},"_coverageSchema":"332fd63041d2c1bcb487cc26dd0d5f7d97098a6c","hash":"acc6ea9829d7d060df1f3a46e3cba09cccc177a0"}
}
